2018-12-10 14:11:00,407 [NonParallelWorker] INFO - [START] ==== Test Case: 35424 SiteUrl : banneruhp.com - Driver: chrome ====
2018-12-10 14:11:04,333 [NonParallelWorker] INFO - [END]   =============== [PASSED] ===============
2018-12-10 14:11:08,333 [NonParallelWorker] INFO - [START] ==== Test Case: 35424 SiteUrl : banneruca.com - Driver: chrome ====
2018-12-10 14:11:12,740 [NonParallelWorker] INFO - [END]   =============== [PASSED] ===============
2018-12-10 14:11:16,658 [NonParallelWorker] INFO - [START] ==== Test Case: 35424 SiteUrl : bannerufc.com/altcs - Driver: chrome ====
2018-12-10 14:11:19,851 [NonParallelWorker] INFO - [END]   =============== [PASSED] ===============
2018-12-10 14:11:23,831 [NonParallelWorker] INFO - [START] ==== Test Case: 35424 SiteUrl : bannerufc.com/acc - Driver: chrome ====
2018-12-10 14:11:28,193 [NonParallelWorker] INFO - [END]   =============== [PASSED] ===============
2018-12-10 14:11:32,170 [NonParallelWorker] INFO - [START] ==== Test Case: TCS_NID_C_Notifications_PostsDate_Validation SiteUrl : banneruhp.com - Driver: chrome ====
2018-12-10 14:11:35,657 [NonParallelWorker] INFO - [END]   =============== [PASSED] ===============
2018-12-10 14:11:39,590 [NonParallelWorker] INFO - [START] ==== Test Case: TCS_NID_C_Notifications_PostsDate_Validation SiteUrl : banneruca.com - Driver: chrome ====
2018-12-10 14:11:43,165 [NonParallelWorker] INFO - [END]   =============== [PASSED] ===============
2018-12-10 14:11:47,177 [NonParallelWorker] INFO - [START] ==== Test Case: TCS_NID_C_Notifications_PostsDate_Validation SiteUrl : bannerufc.com/altcs - Driver: chrome ====
2018-12-10 14:11:49,162 [NonParallelWorker] INFO - [END]   =============== [PASSED] ===============
2018-12-10 14:11:53,332 [NonParallelWorker] INFO - [START] ==== Test Case: TCS_NID_C_Notifications_PostsDate_Validation SiteUrl : bannerufc.com/acc - Driver: chrome ====
2018-12-10 14:11:57,055 [NonParallelWorker] INFO - [END]   =============== [PASSED] ===============
2018-12-10 14:12:01,024 [NonParallelWorker] INFO - [START] ==== Test Case: TCS_NID_C_Notifications_ArticleContent_Navigation SiteUrl : banneruhp.com - Driver: chrome ====
2018-12-10 14:12:17,005 [NonParallelWorker] INFO - [END]   =============== [PASSED] ===============
2018-12-10 14:12:20,920 [NonParallelWorker] INFO - [START] ==== Test Case: TCS_NID_C_Notifications_ArticleContent_Navigation SiteUrl : banneruca.com - Driver: chrome ====
2018-12-10 14:12:30,045 [NonParallelWorker] INFO - [END]   =============== [PASSED] ===============
2018-12-10 14:12:34,149 [NonParallelWorker] INFO - [START] ==== Test Case: TCS_NID_C_Notifications_ArticleContent_Navigation SiteUrl : bannerufc.com/altcs - Driver: chrome ====
2018-12-10 14:12:44,504 [NonParallelWorker] INFO - [END]   =============== [PASSED] ===============
2018-12-10 14:12:48,435 [NonParallelWorker] INFO - [START] ==== Test Case: TCS_NID_C_Notifications_ArticleContent_Navigation SiteUrl : bannerufc.com/acc - Driver: chrome ====
2018-12-10 14:12:55,844 [NonParallelWorker] INFO - [END]   =============== [PASSED] ===============
2018-12-10 14:12:59,853 [NonParallelWorker] INFO - [START] ==== Test Case: TCS_NID_C_NavigationBar_SubMenus_Navigation SiteUrl : banneruhp.com - Driver: chrome ====
2018-12-10 14:13:56,437 [NonParallelWorker] ERROR - Error Waiting for Element To Be Visible : By.CssSelector: #main-content > div > div > div.col-sm-3.hidden-xs.hidden-sm > nav
2018-12-10 14:13:56,441 [NonParallelWorker] ERROR - This page doesn't contains 'On This Page Section', Url: https://www.banneruhp.com/en/resources/notifications
2018-12-10 14:14:11,233 [NonParallelWorker] ERROR - Error Waiting for Element To Be Visible : By.CssSelector: #main-content > div > div > div.col-sm-3.hidden-xs.hidden-sm > nav
2018-12-10 14:14:11,239 [NonParallelWorker] ERROR - This page doesn't contains 'On This Page Section', Url: https://www.banneruhp.com/en/resources/quarterly-newsletters
2018-12-10 14:14:27,364 [NonParallelWorker] INFO - [END]   =============== [PASSED] ===============
2018-12-10 14:14:31,329 [NonParallelWorker] INFO - [START] ==== Test Case: TCS_NID_C_NavigationBar_SubMenus_Navigation SiteUrl : banneruca.com - Driver: chrome ====
2018-12-10 14:15:21,856 [NonParallelWorker] ERROR - Error Waiting for Element To Be Visible : By.CssSelector: #main-content > div > div > div.col-sm-3.hidden-xs.hidden-sm > nav
2018-12-10 14:15:21,860 [NonParallelWorker] ERROR - This page doesn't contains 'On This Page Section', Url: https://www.banneruca.com/en/resources/notifications
2018-12-10 14:15:35,062 [NonParallelWorker] INFO - [END]   =============== [PASSED] ===============
2018-12-10 14:15:38,972 [NonParallelWorker] INFO - [START] ==== Test Case: TCS_NID_C_NavigationBar_SubMenus_Navigation SiteUrl : bannerufc.com/altcs - Driver: chrome ====
2018-12-10 14:17:29,101 [NonParallelWorker] ERROR - Error Waiting for Element To Be Visible : By.CssSelector: #main-content > div > div > div.col-sm-3.hidden-xs.hidden-sm > nav
2018-12-10 14:17:29,105 [NonParallelWorker] ERROR - This page doesn't contains 'On This Page Section', Url: https://www.bannerufc.com/en/altcs/resources/notifications
2018-12-10 14:17:45,655 [NonParallelWorker] INFO - [END]   =============== [PASSED] ===============
2018-12-10 14:17:49,561 [NonParallelWorker] INFO - [START] ==== Test Case: TCS_NID_C_NavigationBar_SubMenus_Navigation SiteUrl : bannerufc.com/acc - Driver: chrome ====
2018-12-10 14:19:24,154 [NonParallelWorker] ERROR - Error Waiting for Element To Be Visible : By.CssSelector: #main-content > div > div > div.col-sm-3.hidden-xs.hidden-sm > nav
2018-12-10 14:19:24,160 [NonParallelWorker] ERROR - This page doesn't contains 'On This Page Section', Url: https://www.bannerufc.com/en/acc/resources/notifications
2018-12-10 14:20:05,815 [NonParallelWorker] INFO - [END]   =============== [PASSED] ===============
2018-12-10 14:20:09,800 [NonParallelWorker] INFO - [START] ==== Test Case: TCS_NID_C_NavigationBar_SubMenus_VerifySticky_Navigation SiteUrl : banneruhp.com - Driver: chrome ====
2018-12-10 14:20:26,723 [NonParallelWorker] ERROR - Error Waiting for Element To Be Visible : By.CssSelector: #main-content > div > div > div.col-sm-3.hidden-xs.hidden-sm > nav
2018-12-10 14:20:26,726 [NonParallelWorker] ERROR - This page doesn't contains 'On This Page Section', Url: https://www.banneruhp.com/en/resources/notifications
2018-12-10 14:20:34,328 [NonParallelWorker] ERROR - Error Waiting for Element To Be Visible : By.CssSelector: #main-content > div > div > div.col-sm-3.hidden-xs.hidden-sm > nav
2018-12-10 14:20:34,332 [NonParallelWorker] ERROR - This page doesn't contains 'On This Page Section', Url: https://www.banneruhp.com/en/resources/quarterly-newsletters
2018-12-10 14:20:40,483 [NonParallelWorker] INFO - [END]   =============== [PASSED] ===============
2018-12-10 14:20:44,477 [NonParallelWorker] INFO - [START] ==== Test Case: TCS_NID_C_NavigationBar_SubMenus_VerifySticky_Navigation SiteUrl : banneruca.com - Driver: chrome ====
2018-12-10 14:21:03,561 [NonParallelWorker] ERROR - Error Waiting for Element To Be Visible : By.CssSelector: #main-content > div > div > div.col-sm-3.hidden-xs.hidden-sm > nav
2018-12-10 14:21:03,566 [NonParallelWorker] ERROR - This page doesn't contains 'On This Page Section', Url: https://www.banneruca.com/en/resources/notifications
2018-12-10 14:21:09,410 [NonParallelWorker] INFO - [END]   =============== [PASSED] ===============
2018-12-10 14:21:13,413 [NonParallelWorker] INFO - [START] ==== Test Case: TCS_NID_C_NavigationBar_SubMenus_VerifySticky_Navigation SiteUrl : bannerufc.com/altcs - Driver: chrome ====
2018-12-10 14:21:39,910 [NonParallelWorker] ERROR - Error Waiting for Element To Be Visible : By.CssSelector: #main-content > div > div > div.col-sm-3.hidden-xs.hidden-sm > nav
2018-12-10 14:21:39,916 [NonParallelWorker] ERROR - This page doesn't contains 'On This Page Section', Url: https://www.bannerufc.com/en/altcs/resources/notifications
2018-12-10 14:21:47,612 [NonParallelWorker] INFO - [END]   =============== [PASSED] ===============
2018-12-10 14:21:51,603 [NonParallelWorker] INFO - [START] ==== Test Case: TCS_NID_C_NavigationBar_SubMenus_VerifySticky_Navigation SiteUrl : bannerufc.com/acc - Driver: chrome ====
2018-12-10 14:22:17,584 [NonParallelWorker] ERROR - Error Waiting for Element To Be Visible : By.CssSelector: #main-content > div > div > div.col-sm-3.hidden-xs.hidden-sm > nav
2018-12-10 14:22:17,588 [NonParallelWorker] ERROR - This page doesn't contains 'On This Page Section', Url: https://www.bannerufc.com/en/acc/resources/notifications
2018-12-10 14:22:25,849 [NonParallelWorker] INFO - [END]   =============== [PASSED] ===============
2018-12-10 14:22:29,840 [NonParallelWorker] INFO - [START] ==== Test Case: TCS_NID_C_QuickLinks_NavigateThrough_Validation SiteUrl : banneruhp.com - Driver: chrome ====
2018-12-10 14:22:37,584 [NonParallelWorker] INFO - [END]   =============== [PASSED] ===============
2018-12-10 14:22:41,623 [NonParallelWorker] INFO - [START] ==== Test Case: TCS_NID_C_QuickLinks_NavigateThrough_Validation SiteUrl : banneruca.com - Driver: chrome ====
2018-12-10 14:22:51,643 [NonParallelWorker] INFO - [END]   =============== [PASSED] ===============
2018-12-10 14:22:55,575 [NonParallelWorker] INFO - [START] ==== Test Case: TCS_NID_C_QuickLinks_NavigateThrough_Validation SiteUrl : bannerufc.com/altcs - Driver: chrome ====
2018-12-10 14:23:04,820 [NonParallelWorker] ERROR - Error waiting for Url Pattern contains: \bbannerufc\.com/altcs.*(.*/){1,}. | url: https://www.bannerufc.com/en/altcs/plan-information/behavioral-health
2018-12-10 14:23:04,820 [NonParallelWorker] ERROR - OpenQA.Selenium.WebDriverTimeoutException: Timed out after 5 seconds
   at OpenQA.Selenium.Support.UI.DefaultWait`1.ThrowTimeoutException(String exceptionMessage, Exception lastException)
   at OpenQA.Selenium.Support.UI.DefaultWait`1.Until[TResult](Func`2 condition)
   at BH.ATF.Sitecore.Web.Common.WebExtensions.GenericWaits.WaitHelper[TResult](IWebDriver _driver, Func`2 condition, String message, Boolean addExceptionMessage) in C:\Users\ErickReyes\Desktop\BannerHealthAutomation\temp_intersys_bh\BH.ATF.Sitecore.Web.Common\WebExtensions\GenericWaits.cs:line 166
2018-12-10 14:23:05,233 [NonParallelWorker] ERROR -   Test Method: TCS_NID_C_QuickLinks_NavigateThrough_Validation SiteUrl : bannerufc.com/altcs - Driver: chrome 
Quick Links section not working as expected.
  Expected: True
  But was:  False

2018-12-10 14:23:05,233 [NonParallelWorker] INFO - [END]   =============== [FAILED] ===============
2018-12-10 14:23:09,241 [NonParallelWorker] INFO - [START] ==== Test Case: TCS_NID_C_QuickLinks_NavigateThrough_Validation SiteUrl : bannerufc.com/acc - Driver: chrome ====
2018-12-10 14:23:19,265 [NonParallelWorker] ERROR - Error waiting for Url Pattern contains: \bbannerufc\.com/acc.*(.*/){1,}. | url: https://www.bannerufc.com/en/acc/plan-information/behavioral-health
2018-12-10 14:23:19,265 [NonParallelWorker] ERROR - OpenQA.Selenium.WebDriverTimeoutException: Timed out after 5 seconds
   at OpenQA.Selenium.Support.UI.DefaultWait`1.ThrowTimeoutException(String exceptionMessage, Exception lastException)
   at OpenQA.Selenium.Support.UI.DefaultWait`1.Until[TResult](Func`2 condition)
   at BH.ATF.Sitecore.Web.Common.WebExtensions.GenericWaits.WaitHelper[TResult](IWebDriver _driver, Func`2 condition, String message, Boolean addExceptionMessage) in C:\Users\ErickReyes\Desktop\BannerHealthAutomation\temp_intersys_bh\BH.ATF.Sitecore.Web.Common\WebExtensions\GenericWaits.cs:line 166
2018-12-10 14:23:19,555 [NonParallelWorker] ERROR -   Test Method: TCS_NID_C_QuickLinks_NavigateThrough_Validation SiteUrl : bannerufc.com/acc - Driver: chrome 
Quick Links section not working as expected.
  Expected: True
  But was:  False

2018-12-10 14:23:19,555 [NonParallelWorker] INFO - [END]   =============== [FAILED] ===============
2018-12-10 14:23:23,524 [NonParallelWorker] INFO - [START] ==== Test Case: 34664 SiteUrl : banneruhp.com - Driver: chrome ====
2018-12-10 14:23:27,595 [NonParallelWorker] INFO - [END]   =============== [PASSED] ===============
2018-12-10 14:23:31,617 [NonParallelWorker] INFO - [START] ==== Test Case: 34664 SiteUrl : banneruca.com - Driver: chrome ====
2018-12-10 14:23:36,851 [NonParallelWorker] INFO - [END]   =============== [PASSED] ===============
2018-12-10 14:23:40,870 [NonParallelWorker] INFO - [START] ==== Test Case: 34664 SiteUrl : bannerufc.com/altcs - Driver: chrome ====
2018-12-10 14:23:43,908 [NonParallelWorker] INFO - [END]   =============== [PASSED] ===============
2018-12-10 14:23:47,909 [NonParallelWorker] INFO - [START] ==== Test Case: 34664 SiteUrl : bannerufc.com/acc - Driver: chrome ====
2018-12-10 14:23:52,826 [NonParallelWorker] INFO - [END]   =============== [PASSED] ===============
2018-12-10 14:23:56,755 [NonParallelWorker] INFO - [START] ==== Test Case: 34658 SiteUrl : banneruhp.com - Driver: chrome ====
2018-12-10 14:24:00,158 [NonParallelWorker] INFO - [END]   =============== [PASSED] ===============
2018-12-10 14:24:04,154 [NonParallelWorker] INFO - [START] ==== Test Case: 34658 SiteUrl : banneruca.com - Driver: chrome ====
2018-12-10 14:24:07,693 [NonParallelWorker] INFO - [END]   =============== [PASSED] ===============
2018-12-10 14:24:11,657 [NonParallelWorker] INFO - [START] ==== Test Case: 34658 SiteUrl : bannerufc.com/altcs - Driver: chrome ====
2018-12-10 14:24:13,632 [NonParallelWorker] INFO - [END]   =============== [PASSED] ===============
2018-12-10 14:24:17,553 [NonParallelWorker] INFO - [START] ==== Test Case: 34658 SiteUrl : bannerufc.com/acc - Driver: chrome ====
2018-12-10 14:24:21,336 [NonParallelWorker] INFO - [END]   =============== [PASSED] ===============
2018-12-10 14:24:25,283 [NonParallelWorker] INFO - [START] ==== Test Case: TCS_NID_F_FooterLinks_NavigateThrough_Validation SiteUrl : banneruhp.com - Driver: chrome ====
2018-12-10 14:24:40,323 [NonParallelWorker] INFO - [END]   =============== [PASSED] ===============
2018-12-10 14:24:44,576 [NonParallelWorker] INFO - [START] ==== Test Case: TCS_NID_F_FooterLinks_NavigateThrough_Validation SiteUrl : banneruca.com - Driver: chrome ====
2018-12-10 14:25:01,872 [NonParallelWorker] INFO - [END]   =============== [PASSED] ===============
2018-12-10 14:25:05,844 [NonParallelWorker] INFO - [START] ==== Test Case: TCS_NID_F_FooterLinks_NavigateThrough_Validation SiteUrl : bannerufc.com/altcs - Driver: chrome ====
2018-12-10 14:28:39,023 [NonParallelWorker] INFO - [START] ==== Test Case: TCS_NID_F_FooterLinks_NavigateThrough_Validation SiteUrl : bannerufc.com/acc - Driver: chrome ====
2018-12-10 14:28:58,667 [NonParallelWorker] INFO - [END]   =============== [PASSED] ===============
2018-12-10 14:29:02,738 [NonParallelWorker] INFO - [START] ==== Test Case: TCS_NID_F_Verify_LinksOnFoooter SiteUrl : banneruhp.com - Driver: chrome ====
2018-12-10 14:29:05,598 [NonParallelWorker] INFO - [END]   =============== [PASSED] ===============
2018-12-10 14:29:09,595 [NonParallelWorker] INFO - [START] ==== Test Case: TCS_NID_F_Verify_LinksOnFoooter SiteUrl : banneruca.com - Driver: chrome ====
2018-12-10 14:29:14,985 [NonParallelWorker] INFO - [END]   =============== [PASSED] ===============
2018-12-10 14:29:19,039 [NonParallelWorker] INFO - [START] ==== Test Case: TCS_NID_F_Verify_LinksOnFoooter SiteUrl : bannerufc.com/altcs - Driver: chrome ====
2018-12-10 14:29:21,779 [NonParallelWorker] INFO - [END]   =============== [PASSED] ===============
2018-12-10 14:29:25,832 [NonParallelWorker] INFO - [START] ==== Test Case: TCS_NID_F_Verify_LinksOnFoooter SiteUrl : bannerufc.com/acc - Driver: chrome ====
2018-12-10 14:29:34,821 [NonParallelWorker] ERROR - Error Waiting for Element To Be Visible : By.CssSelector: #main-container > footer > div > div:nth-child(2) > ul > li:nth-child(1) > a
2018-12-10 14:29:35,365 [NonParallelWorker] ERROR - Object reference not set to an instance of an object.
2018-12-10 14:29:35,365 [NonParallelWorker] INFO - [END]   =============== [FAILED] ===============
2018-12-10 14:29:39,381 [NonParallelWorker] INFO - [START] ==== Test Case: 34370 SiteUrl : ufcaz.com - Driver: chrome ====
2018-12-10 14:30:26,944 [NonParallelWorker] ERROR - Error Waiting for Element To Be Visible : By.CssSelector: #custom_accordion
2018-12-10 14:30:27,198 [NonParallelWorker] ERROR - Object reference not set to an instance of an object.
2018-12-10 14:30:27,199 [NonParallelWorker] INFO - [END]   =============== [FAILED] ===============
2018-12-10 14:30:31,167 [NonParallelWorker] INFO - [START] ==== Test Case: 34659 SiteUrl : ufcaz.com - Driver: chrome ====
2018-12-10 14:30:57,562 [NonParallelWorker] ERROR - Error Waiting for Element To Be Visible : By.CssSelector: div.bh-header-middle form.bh-search-form > span > input
2018-12-10 14:30:57,827 [NonParallelWorker] ERROR - Object reference not set to an instance of an object.
2018-12-10 14:30:57,827 [NonParallelWorker] INFO - [END]   =============== [FAILED] ===============
2018-12-10 14:31:02,028 [NonParallelWorker] INFO - [START] ==== Test Case: 34659 SiteUrl : bannerufc.com/acc - Driver: chrome ====
2018-12-10 14:31:08,774 [NonParallelWorker] INFO - [END]   =============== [PASSED] ===============
2018-12-10 14:31:12,838 [NonParallelWorker] INFO - [START] ==== Test Case: 34659 SiteUrl : banneruca.com - Driver: chrome ====
2018-12-10 14:31:16,723 [NonParallelWorker] INFO - [END]   =============== [PASSED] ===============
2018-12-10 14:31:20,595 [NonParallelWorker] INFO - [START] ==== Test Case: TCS_NID_H_MiddleMenu_Verify_LogoPositionAndlinksWorks SiteUrl : bannerufc.com/altcs - Driver: chrome ====
2018-12-10 14:31:23,330 [NonParallelWorker] INFO - [END]   =============== [PASSED] ===============
2018-12-10 14:31:27,237 [NonParallelWorker] INFO - [START] ==== Test Case: TCS_NID_H_MiddleMenu_Verify_LogoPositionAndlinksWorks SiteUrl : banneruhp.com - Driver: chrome ====
2018-12-10 14:31:30,229 [NonParallelWorker] INFO - [END]   =============== [PASSED] ===============
2018-12-10 14:31:34,318 [NonParallelWorker] INFO - [START] ==== Test Case: TCS_NID_H_MiddleMenu_Verify_LogoPositionAndlinksWorks SiteUrl : bannerufc.com/acc - Driver: chrome ====
2018-12-10 14:31:39,064 [NonParallelWorker] INFO - [END]   =============== [PASSED] ===============
2018-12-10 14:31:43,013 [NonParallelWorker] INFO - [START] ==== Test Case: TCS_NID_H_MiddleMenu_Verify_LogoPositionAndlinksWorks SiteUrl : banneruca.com - Driver: chrome ====
2018-12-10 14:31:51,958 [NonParallelWorker] ERROR - Error waiting for Url Pattern contains: (/en) | url: https://www.banneruca.com/
2018-12-10 14:31:51,958 [NonParallelWorker] ERROR - OpenQA.Selenium.WebDriverTimeoutException: Timed out after 5 seconds
   at OpenQA.Selenium.Support.UI.DefaultWait`1.ThrowTimeoutException(String exceptionMessage, Exception lastException)
   at OpenQA.Selenium.Support.UI.DefaultWait`1.Until[TResult](Func`2 condition)
   at BH.ATF.Sitecore.Web.Common.WebExtensions.GenericWaits.WaitHelper[TResult](IWebDriver _driver, Func`2 condition, String message, Boolean addExceptionMessage) in C:\Users\ErickReyes\Desktop\BannerHealthAutomation\temp_intersys_bh\BH.ATF.Sitecore.Web.Common\WebExtensions\GenericWaits.cs:line 166
2018-12-10 14:31:52,699 [NonParallelWorker] ERROR -   Test Method: TCS_NID_H_MiddleMenu_Verify_LogoPositionAndlinksWorks SiteUrl : banneruca.com - Driver: chrome 
, Not Logo present left on middle header
  Expected: True
  But was:  False

2018-12-10 14:31:52,699 [NonParallelWorker] INFO - [END]   =============== [FAILED] ===============
2018-12-10 14:31:56,646 [NonParallelWorker] INFO - [START] ==== Test Case: 36265 SiteUrl : bannerufc.com/altcs - Driver: chrome ====
2018-12-10 14:32:15,258 [NonParallelWorker] INFO - [END]   =============== [PASSED] ===============
2018-12-10 14:32:19,467 [NonParallelWorker] INFO - [START] ==== Test Case: 36265 SiteUrl : banneruhp.com - Driver: chrome ====
2018-12-10 14:32:35,317 [NonParallelWorker] INFO - [END]   =============== [PASSED] ===============
2018-12-10 14:32:39,311 [NonParallelWorker] INFO - [START] ==== Test Case: 36265 SiteUrl : bannerufc.com/acc - Driver: chrome ====
2018-12-10 14:33:00,925 [NonParallelWorker] INFO - [END]   =============== [PASSED] ===============
2018-12-10 14:33:04,771 [NonParallelWorker] INFO - [START] ==== Test Case: 36265 SiteUrl : banneruca.com - Driver: chrome ====
2018-12-10 14:33:20,235 [NonParallelWorker] INFO - [END]   =============== [PASSED] ===============
2018-12-10 14:33:24,357 [NonParallelWorker] INFO - [START] ==== Test Case: TCS_NID_H_MiddleMenu_Verify_SearchBoxPositionAndSearches SiteUrl : bannerufc.com/altcs - Driver: chrome ====
2018-12-10 14:33:29,089 [NonParallelWorker] INFO - [END]   =============== [PASSED] ===============
2018-12-10 14:33:34,069 [NonParallelWorker] INFO - [START] ==== Test Case: TCS_NID_H_MiddleMenu_Verify_SearchBoxPositionAndSearches SiteUrl : banneruhp.com - Driver: chrome ====
2018-12-10 14:33:38,359 [NonParallelWorker] INFO - [END]   =============== [PASSED] ===============
2018-12-10 14:33:42,592 [NonParallelWorker] INFO - [START] ==== Test Case: TCS_NID_H_MiddleMenu_Verify_SearchBoxPositionAndSearches SiteUrl : bannerufc.com/acc - Driver: chrome ====
2018-12-10 14:33:49,089 [NonParallelWorker] INFO - [END]   =============== [PASSED] ===============
2018-12-10 14:33:53,289 [NonParallelWorker] INFO - [START] ==== Test Case: TCS_NID_H_MiddleMenu_Verify_SearchBoxPositionAndSearches SiteUrl : banneruca.com - Driver: chrome ====
2018-12-10 14:33:58,625 [NonParallelWorker] INFO - [END]   =============== [PASSED] ===============
2018-12-10 14:34:02,829 [NonParallelWorker] INFO - [START] ==== Test Case: TCS_NID_H_MiddleMenu_Verify_SearcherWorks SiteUrl : bannerufc.com/altcs - Driver: chrome ====
2018-12-10 14:34:05,816 [NonParallelWorker] INFO - [END]   =============== [PASSED] ===============
2018-12-10 14:34:09,974 [NonParallelWorker] INFO - [START] ==== Test Case: TCS_NID_H_MiddleMenu_Verify_SearcherWorks SiteUrl : banneruhp.com - Driver: chrome ====
2018-12-10 14:34:13,127 [NonParallelWorker] INFO - [END]   =============== [PASSED] ===============
2018-12-10 14:34:17,176 [NonParallelWorker] INFO - [START] ==== Test Case: TCS_NID_H_MiddleMenu_Verify_SearcherWorks SiteUrl : bannerufc.com/acc - Driver: chrome ====
2018-12-10 14:34:22,493 [NonParallelWorker] INFO - [END]   =============== [PASSED] ===============
2018-12-10 14:34:26,323 [NonParallelWorker] INFO - [START] ==== Test Case: TCS_NID_H_MiddleMenu_Verify_SearcherWorks SiteUrl : banneruca.com - Driver: chrome ====
2018-12-10 14:34:30,302 [NonParallelWorker] INFO - [END]   =============== [PASSED] ===============
2018-12-10 14:34:34,202 [NonParallelWorker] INFO - [START] ==== Test Case: TCS_NID_C_VerifyTitles&LinksExist SiteUrl : bannerufc.com/altcs - Driver: chrome ====
2018-12-10 14:34:37,003 [NonParallelWorker] INFO - [END]   =============== [PASSED] ===============
2018-12-10 14:34:41,218 [NonParallelWorker] INFO - [START] ==== Test Case: TCS_NID_C_VerifyTitles&LinksExist SiteUrl : banneruhp.com - Driver: chrome ====
2018-12-10 14:34:45,438 [NonParallelWorker] INFO - [END]   =============== [PASSED] ===============
2018-12-10 14:34:49,399 [NonParallelWorker] INFO - [START] ==== Test Case: TCS_NID_C_VerifyTitles&LinksExist SiteUrl : bannerufc.com/acc - Driver: chrome ====
2018-12-10 14:34:54,545 [NonParallelWorker] INFO - [END]   =============== [PASSED] ===============
2018-12-10 14:34:58,638 [NonParallelWorker] INFO - [START] ==== Test Case: TCS_NID_C_VerifyTitles&LinksExist SiteUrl : banneruca.com - Driver: chrome ====
2018-12-10 14:35:03,223 [NonParallelWorker] INFO - [END]   =============== [PASSED] ===============
2018-12-10 14:35:07,425 [NonParallelWorker] INFO - [START] ==== Test Case: TCS_NID_H_PrimaryMenu_VerifyOnMouseover_MenuTabs SiteUrl : banneruhp.com - Driver: chrome ====
2018-12-10 14:35:15,172 [NonParallelWorker] ERROR - WaitForCssValueChangedOnAction | locator: By.CssSelector: div.top-header__tabs > a.top-header__link.top-header__link--selected | CssAttribute: background-color
2018-12-10 14:35:15,173 [NonParallelWorker] ERROR - OpenQA.Selenium.WebDriverTimeoutException: Timed out after 5 seconds
   at OpenQA.Selenium.Support.UI.DefaultWait`1.ThrowTimeoutException(String exceptionMessage, Exception lastException)
   at OpenQA.Selenium.Support.UI.DefaultWait`1.Until[TResult](Func`2 condition)
   at BH.ATF.Sitecore.Web.Common.WebExtensions.GenericWaits.WaitForCssValueChangedOnAction(IWebDriver _driver, By locator, String attribute, Action`2 action) in C:\Users\ErickReyes\Desktop\BannerHealthAutomation\temp_intersys_bh\BH.ATF.Sitecore.Web.Common\WebExtensions\GenericWaits.cs:line 92
2018-12-10 14:35:15,190 [NonParallelWorker] ERROR - WaitForCssValueChangedOnAction | locator: By.CssSelector: div.top-header__tabs > a.top-header__link.top-header__link:nth-child(2) | CssAttribute: background-color
2018-12-10 14:35:15,190 [NonParallelWorker] ERROR - OpenQA.Selenium.NoSuchElementException: no such element: Unable to locate element: {"method":"css selector","selector":"div.top-header__tabs > a.top-header__link.top-header__link:nth-child(2)"}
  (Session info: chrome=70.0.3538.110)
  (Driver info: chromedriver=2.40.565498 (ea082db3280dd6843ebfb08a625e3eb905c4f5ab),platform=Windows NT 10.0.17134 x86_64)
   at OpenQA.Selenium.Remote.RemoteWebDriver.UnpackAndThrowOnError(Response errorResponse)
   at OpenQA.Selenium.Remote.RemoteWebDriver.Execute(String driverCommandToExecute, Dictionary`2 parameters)
   at OpenQA.Selenium.Remote.RemoteWebDriver.FindElement(String mechanism, String value)
   at OpenQA.Selenium.Remote.RemoteWebDriver.FindElementByCssSelector(String cssSelector)
   at OpenQA.Selenium.By.<>c__DisplayClass23_0.<CssSelector>b__0(ISearchContext context)
   at OpenQA.Selenium.By.FindElement(ISearchContext context)
   at OpenQA.Selenium.Remote.RemoteWebDriver.FindElement(By by)
   at BH.ATF.Sitecore.Web.Common.WebExtensions.GenericWaits.WaitForCssValueChangedOnAction(IWebDriver _driver, By locator, String attribute, Action`2 action) in C:\Users\ErickReyes\Desktop\BannerHealthAutomation\temp_intersys_bh\BH.ATF.Sitecore.Web.Common\WebExtensions\GenericWaits.cs:line 85
2018-12-10 14:35:15,208 [NonParallelWorker] ERROR - WaitForCssValueChangedOnAction | locator: By.CssSelector: div.top-header__tabs > a.top-header__link.top-header__link:nth-child(3) | CssAttribute: background-color
2018-12-10 14:35:15,209 [NonParallelWorker] ERROR - OpenQA.Selenium.NoSuchElementException: no such element: Unable to locate element: {"method":"css selector","selector":"div.top-header__tabs > a.top-header__link.top-header__link:nth-child(3)"}
  (Session info: chrome=70.0.3538.110)
  (Driver info: chromedriver=2.40.565498 (ea082db3280dd6843ebfb08a625e3eb905c4f5ab),platform=Windows NT 10.0.17134 x86_64)
   at OpenQA.Selenium.Remote.RemoteWebDriver.UnpackAndThrowOnError(Response errorResponse)
   at OpenQA.Selenium.Remote.RemoteWebDriver.Execute(String driverCommandToExecute, Dictionary`2 parameters)
   at OpenQA.Selenium.Remote.RemoteWebDriver.FindElement(String mechanism, String value)
   at OpenQA.Selenium.Remote.RemoteWebDriver.FindElementByCssSelector(String cssSelector)
   at OpenQA.Selenium.By.<>c__DisplayClass23_0.<CssSelector>b__0(ISearchContext context)
   at OpenQA.Selenium.By.FindElement(ISearchContext context)
   at OpenQA.Selenium.Remote.RemoteWebDriver.FindElement(By by)
   at BH.ATF.Sitecore.Web.Common.WebExtensions.GenericWaits.WaitForCssValueChangedOnAction(IWebDriver _driver, By locator, String attribute, Action`2 action) in C:\Users\ErickReyes\Desktop\BannerHealthAutomation\temp_intersys_bh\BH.ATF.Sitecore.Web.Common\WebExtensions\GenericWaits.cs:line 85
2018-12-10 14:35:15,225 [NonParallelWorker] ERROR - WaitForCssValueChangedOnAction | locator: By.CssSelector: div.top-header__tabs > a.top-header__link.top-header__link:nth-child(4) | CssAttribute: background-color
2018-12-10 14:35:15,225 [NonParallelWorker] ERROR - OpenQA.Selenium.NoSuchElementException: no such element: Unable to locate element: {"method":"css selector","selector":"div.top-header__tabs > a.top-header__link.top-header__link:nth-child(4)"}
  (Session info: chrome=70.0.3538.110)
  (Driver info: chromedriver=2.40.565498 (ea082db3280dd6843ebfb08a625e3eb905c4f5ab),platform=Windows NT 10.0.17134 x86_64)
   at OpenQA.Selenium.Remote.RemoteWebDriver.UnpackAndThrowOnError(Response errorResponse)
   at OpenQA.Selenium.Remote.RemoteWebDriver.Execute(String driverCommandToExecute, Dictionary`2 parameters)
   at OpenQA.Selenium.Remote.RemoteWebDriver.FindElement(String mechanism, String value)
   at OpenQA.Selenium.Remote.RemoteWebDriver.FindElementByCssSelector(String cssSelector)
   at OpenQA.Selenium.By.<>c__DisplayClass23_0.<CssSelector>b__0(ISearchContext context)
   at OpenQA.Selenium.By.FindElement(ISearchContext context)
   at OpenQA.Selenium.Remote.RemoteWebDriver.FindElement(By by)
   at BH.ATF.Sitecore.Web.Common.WebExtensions.GenericWaits.WaitForCssValueChangedOnAction(IWebDriver _driver, By locator, String attribute, Action`2 action) in C:\Users\ErickReyes\Desktop\BannerHealthAutomation\temp_intersys_bh\BH.ATF.Sitecore.Web.Common\WebExtensions\GenericWaits.cs:line 85
2018-12-10 14:35:15,856 [NonParallelWorker] ERROR -   Test Method: TCS_NID_H_PrimaryMenu_VerifyOnMouseover_MenuTabs SiteUrl : banneruhp.com - Driver: chrome 
, Not all background colors match
  Expected: False
  But was:  True

2018-12-10 14:35:15,856 [NonParallelWorker] INFO - [END]   =============== [FAILED] ===============
2018-12-10 14:35:19,768 [NonParallelWorker] INFO - [START] ==== Test Case: TCS_NID_H_PrimaryMenu_VerifyOnMouseover_MenuTabs SiteUrl : bannerufc.com/acc - Driver: chrome ====
2018-12-10 14:35:29,033 [NonParallelWorker] ERROR - WaitForCssValueChangedOnAction | locator: By.CssSelector: div.top-header__tabs > a.top-header__link.top-header__link--selected | CssAttribute: background-color
2018-12-10 14:35:29,033 [NonParallelWorker] ERROR - OpenQA.Selenium.WebDriverTimeoutException: Timed out after 5 seconds
   at OpenQA.Selenium.Support.UI.DefaultWait`1.ThrowTimeoutException(String exceptionMessage, Exception lastException)
   at OpenQA.Selenium.Support.UI.DefaultWait`1.Until[TResult](Func`2 condition)
   at BH.ATF.Sitecore.Web.Common.WebExtensions.GenericWaits.WaitForCssValueChangedOnAction(IWebDriver _driver, By locator, String attribute, Action`2 action) in C:\Users\ErickReyes\Desktop\BannerHealthAutomation\temp_intersys_bh\BH.ATF.Sitecore.Web.Common\WebExtensions\GenericWaits.cs:line 92
2018-12-10 14:35:29,198 [NonParallelWorker] ERROR - WaitForCssValueChangedOnAction | locator: By.CssSelector: div.top-header__tabs > a.top-header__link.top-header__link:nth-child(4) | CssAttribute: background-color
2018-12-10 14:35:29,198 [NonParallelWorker] ERROR - OpenQA.Selenium.NoSuchElementException: no such element: Unable to locate element: {"method":"css selector","selector":"div.top-header__tabs > a.top-header__link.top-header__link:nth-child(4)"}
  (Session info: chrome=70.0.3538.110)
  (Driver info: chromedriver=2.40.565498 (ea082db3280dd6843ebfb08a625e3eb905c4f5ab),platform=Windows NT 10.0.17134 x86_64)
   at OpenQA.Selenium.Remote.RemoteWebDriver.UnpackAndThrowOnError(Response errorResponse)
   at OpenQA.Selenium.Remote.RemoteWebDriver.Execute(String driverCommandToExecute, Dictionary`2 parameters)
   at OpenQA.Selenium.Remote.RemoteWebDriver.FindElement(String mechanism, String value)
   at OpenQA.Selenium.Remote.RemoteWebDriver.FindElementByCssSelector(String cssSelector)
   at OpenQA.Selenium.By.<>c__DisplayClass23_0.<CssSelector>b__0(ISearchContext context)
   at OpenQA.Selenium.By.FindElement(ISearchContext context)
   at OpenQA.Selenium.Remote.RemoteWebDriver.FindElement(By by)
   at BH.ATF.Sitecore.Web.Common.WebExtensions.GenericWaits.WaitForCssValueChangedOnAction(IWebDriver _driver, By locator, String attribute, Action`2 action) in C:\Users\ErickReyes\Desktop\BannerHealthAutomation\temp_intersys_bh\BH.ATF.Sitecore.Web.Common\WebExtensions\GenericWaits.cs:line 85
2018-12-10 14:35:29,198 [NonParallelWorker] INFO - [END]   =============== [PASSED] ===============
2018-12-10 14:35:33,770 [NonParallelWorker] INFO - [START] ==== Test Case: TCS_NID_H_PrimaryMenu_VerifyOnMouseover_MenuTabs SiteUrl : banneruca.com - Driver: chrome ====
2018-12-10 14:35:42,564 [NonParallelWorker] ERROR - WaitForCssValueChangedOnAction | locator: By.CssSelector: div.top-header__tabs > a.top-header__link.top-header__link--selected | CssAttribute: background-color
2018-12-10 14:35:42,564 [NonParallelWorker] ERROR - OpenQA.Selenium.WebDriverTimeoutException: Timed out after 5 seconds
   at OpenQA.Selenium.Support.UI.DefaultWait`1.ThrowTimeoutException(String exceptionMessage, Exception lastException)
   at OpenQA.Selenium.Support.UI.DefaultWait`1.Until[TResult](Func`2 condition)
   at BH.ATF.Sitecore.Web.Common.WebExtensions.GenericWaits.WaitForCssValueChangedOnAction(IWebDriver _driver, By locator, String attribute, Action`2 action) in C:\Users\ErickReyes\Desktop\BannerHealthAutomation\temp_intersys_bh\BH.ATF.Sitecore.Web.Common\WebExtensions\GenericWaits.cs:line 92
2018-12-10 14:35:42,750 [NonParallelWorker] ERROR - WaitForCssValueChangedOnAction | locator: By.CssSelector: div.top-header__tabs > a.top-header__link.top-header__link:nth-child(4) | CssAttribute: background-color
2018-12-10 14:35:42,750 [NonParallelWorker] ERROR - OpenQA.Selenium.NoSuchElementException: no such element: Unable to locate element: {"method":"css selector","selector":"div.top-header__tabs > a.top-header__link.top-header__link:nth-child(4)"}
  (Session info: chrome=70.0.3538.110)
  (Driver info: chromedriver=2.40.565498 (ea082db3280dd6843ebfb08a625e3eb905c4f5ab),platform=Windows NT 10.0.17134 x86_64)
   at OpenQA.Selenium.Remote.RemoteWebDriver.UnpackAndThrowOnError(Response errorResponse)
   at OpenQA.Selenium.Remote.RemoteWebDriver.Execute(String driverCommandToExecute, Dictionary`2 parameters)
   at OpenQA.Selenium.Remote.RemoteWebDriver.FindElement(String mechanism, String value)
   at OpenQA.Selenium.Remote.RemoteWebDriver.FindElementByCssSelector(String cssSelector)
   at OpenQA.Selenium.By.<>c__DisplayClass23_0.<CssSelector>b__0(ISearchContext context)
   at OpenQA.Selenium.By.FindElement(ISearchContext context)
   at OpenQA.Selenium.Remote.RemoteWebDriver.FindElement(By by)
   at BH.ATF.Sitecore.Web.Common.WebExtensions.GenericWaits.WaitForCssValueChangedOnAction(IWebDriver _driver, By locator, String attribute, Action`2 action) in C:\Users\ErickReyes\Desktop\BannerHealthAutomation\temp_intersys_bh\BH.ATF.Sitecore.Web.Common\WebExtensions\GenericWaits.cs:line 85
2018-12-10 14:35:42,751 [NonParallelWorker] INFO - [END]   =============== [PASSED] ===============
2018-12-10 14:35:47,017 [NonParallelWorker] INFO - [START] ==== Test Case: TCS_NID_H_PrimaryMenu_VerifyOnMouseover_MenuTabs SiteUrl : bannerufc.com/altcs - Driver: chrome ====
2018-12-10 14:35:54,443 [NonParallelWorker] ERROR - WaitForCssValueChangedOnAction | locator: By.CssSelector: div.top-header__tabs > a.top-header__link.top-header__link--selected | CssAttribute: background-color
2018-12-10 14:35:54,443 [NonParallelWorker] ERROR - OpenQA.Selenium.WebDriverTimeoutException: Timed out after 5 seconds
   at OpenQA.Selenium.Support.UI.DefaultWait`1.ThrowTimeoutException(String exceptionMessage, Exception lastException)
   at OpenQA.Selenium.Support.UI.DefaultWait`1.Until[TResult](Func`2 condition)
   at BH.ATF.Sitecore.Web.Common.WebExtensions.GenericWaits.WaitForCssValueChangedOnAction(IWebDriver _driver, By locator, String attribute, Action`2 action) in C:\Users\ErickReyes\Desktop\BannerHealthAutomation\temp_intersys_bh\BH.ATF.Sitecore.Web.Common\WebExtensions\GenericWaits.cs:line 92
2018-12-10 14:35:54,668 [NonParallelWorker] ERROR - WaitForCssValueChangedOnAction | locator: By.CssSelector: div.top-header__tabs > a.top-header__link.top-header__link:nth-child(4) | CssAttribute: background-color
2018-12-10 14:35:54,668 [NonParallelWorker] ERROR - OpenQA.Selenium.NoSuchElementException: no such element: Unable to locate element: {"method":"css selector","selector":"div.top-header__tabs > a.top-header__link.top-header__link:nth-child(4)"}
  (Session info: chrome=70.0.3538.110)
  (Driver info: chromedriver=2.40.565498 (ea082db3280dd6843ebfb08a625e3eb905c4f5ab),platform=Windows NT 10.0.17134 x86_64)
   at OpenQA.Selenium.Remote.RemoteWebDriver.UnpackAndThrowOnError(Response errorResponse)
   at OpenQA.Selenium.Remote.RemoteWebDriver.Execute(String driverCommandToExecute, Dictionary`2 parameters)
   at OpenQA.Selenium.Remote.RemoteWebDriver.FindElement(String mechanism, String value)
   at OpenQA.Selenium.Remote.RemoteWebDriver.FindElementByCssSelector(String cssSelector)
   at OpenQA.Selenium.By.<>c__DisplayClass23_0.<CssSelector>b__0(ISearchContext context)
   at OpenQA.Selenium.By.FindElement(ISearchContext context)
   at OpenQA.Selenium.Remote.RemoteWebDriver.FindElement(By by)
   at BH.ATF.Sitecore.Web.Common.WebExtensions.GenericWaits.WaitForCssValueChangedOnAction(IWebDriver _driver, By locator, String attribute, Action`2 action) in C:\Users\ErickReyes\Desktop\BannerHealthAutomation\temp_intersys_bh\BH.ATF.Sitecore.Web.Common\WebExtensions\GenericWaits.cs:line 85
2018-12-10 14:35:54,669 [NonParallelWorker] INFO - [END]   =============== [PASSED] ===============
2018-12-10 14:35:58,903 [NonParallelWorker] INFO - [START] ==== Test Case: TCS_NID_H_PrimaryMenu_Verify_AllLinksWorksInAllTabs SiteUrl : banneruhp.com - Driver: chrome ====
2018-12-10 14:36:02,874 [NonParallelWorker] ERROR - no such element: Unable to locate element: {"method":"css selector","selector":"div.top-header__tabs > a.top-header__link.top-header__link:nth-child(2)"}
  (Session info: chrome=70.0.3538.110)
  (Driver info: chromedriver=2.40.565498 (ea082db3280dd6843ebfb08a625e3eb905c4f5ab),platform=Windows NT 10.0.17134 x86_64)
2018-12-10 14:36:02,874 [NonParallelWorker] INFO - [END]   =============== [FAILED] ===============
2018-12-10 14:36:07,500 [NonParallelWorker] INFO - [START] ==== Test Case: TCS_NID_H_PrimaryMenu_Verify_AllLinksWorksInAllTabs SiteUrl : bannerufc.com/acc - Driver: chrome ====
2018-12-10 14:36:14,351 [NonParallelWorker] ERROR - no such element: Unable to locate element: {"method":"css selector","selector":"div.top-header__tabs > a.top-header__link.top-header__link:nth-child(4)"}
  (Session info: chrome=70.0.3538.110)
  (Driver info: chromedriver=2.40.565498 (ea082db3280dd6843ebfb08a625e3eb905c4f5ab),platform=Windows NT 10.0.17134 x86_64)
2018-12-10 14:36:14,351 [NonParallelWorker] INFO - [END]   =============== [FAILED] ===============
2018-12-10 14:36:18,204 [NonParallelWorker] INFO - [START] ==== Test Case: TCS_NID_H_PrimaryMenu_Verify_AllLinksWorksInAllTabs SiteUrl : banneruca.com - Driver: chrome ====
2018-12-10 14:36:25,460 [NonParallelWorker] ERROR - no such element: Unable to locate element: {"method":"css selector","selector":"div.top-header__tabs > a.top-header__link.top-header__link:nth-child(4)"}
  (Session info: chrome=70.0.3538.110)
  (Driver info: chromedriver=2.40.565498 (ea082db3280dd6843ebfb08a625e3eb905c4f5ab),platform=Windows NT 10.0.17134 x86_64)
2018-12-10 14:36:25,460 [NonParallelWorker] INFO - [END]   =============== [FAILED] ===============
2018-12-10 14:36:29,345 [NonParallelWorker] INFO - [START] ==== Test Case: TCS_NID_H_PrimaryMenu_Verify_AllLinksWorksInAllTabs SiteUrl : bannerufc.com/altcs - Driver: chrome ====
2018-12-10 14:36:37,681 [NonParallelWorker] ERROR - no such element: Unable to locate element: {"method":"css selector","selector":"div.top-header__tabs > a.top-header__link.top-header__link:nth-child(4)"}
  (Session info: chrome=70.0.3538.110)
  (Driver info: chromedriver=2.40.565498 (ea082db3280dd6843ebfb08a625e3eb905c4f5ab),platform=Windows NT 10.0.17134 x86_64)
2018-12-10 14:36:37,681 [NonParallelWorker] INFO - [END]   =============== [FAILED] ===============
2018-12-10 14:36:41,739 [NonParallelWorker] INFO - [START] ==== Test Case: TCS_NID_H_PrimaryMenu_Verify_Icons&TooltipsExist SiteUrl : banneruhp.com - Driver: chrome ====
2018-12-10 14:36:45,611 [NonParallelWorker] ERROR - no such element: Unable to locate element: {"method":"css selector","selector":"#main-container > header > nav.top-header > div.top-header__tabs > a:nth-child(2)"}
  (Session info: chrome=70.0.3538.110)
  (Driver info: chromedriver=2.40.565498 (ea082db3280dd6843ebfb08a625e3eb905c4f5ab),platform=Windows NT 10.0.17134 x86_64)
2018-12-10 14:36:45,612 [NonParallelWorker] INFO - [END]   =============== [FAILED] ===============
2018-12-10 14:36:49,634 [NonParallelWorker] INFO - [START] ==== Test Case: TCS_NID_H_PrimaryMenu_Verify_Icons&TooltipsExist SiteUrl : bannerufc.com/acc - Driver: chrome ====
2018-12-10 14:36:54,105 [NonParallelWorker] ERROR - no such element: Unable to locate element: {"method":"css selector","selector":"#main-container > header > nav.top-header > div.top-header__tabs > a:nth-child(2) > span"}
  (Session info: chrome=70.0.3538.110)
  (Driver info: chromedriver=2.40.565498 (ea082db3280dd6843ebfb08a625e3eb905c4f5ab),platform=Windows NT 10.0.17134 x86_64)
2018-12-10 14:36:54,105 [NonParallelWorker] INFO - [END]   =============== [FAILED] ===============
2018-12-10 14:36:58,182 [NonParallelWorker] INFO - [START] ==== Test Case: TCS_NID_H_PrimaryMenu_Verify_Icons&TooltipsExist SiteUrl : banneruca.com - Driver: chrome ====
2018-12-10 14:37:02,263 [NonParallelWorker] ERROR - no such element: Unable to locate element: {"method":"css selector","selector":"#main-container > header > nav.top-header > div.top-header__tabs > a:nth-child(4) > span"}
  (Session info: chrome=70.0.3538.110)
  (Driver info: chromedriver=2.40.565498 (ea082db3280dd6843ebfb08a625e3eb905c4f5ab),platform=Windows NT 10.0.17134 x86_64)
2018-12-10 14:37:02,263 [NonParallelWorker] INFO - [END]   =============== [FAILED] ===============
2018-12-10 14:37:06,233 [NonParallelWorker] INFO - [START] ==== Test Case: TCS_NID_H_PrimaryMenu_Verify_Icons&TooltipsExist SiteUrl : bannerufc.com/altcs - Driver: chrome ====
2018-12-10 14:37:08,690 [NonParallelWorker] ERROR - no such element: Unable to locate element: {"method":"css selector","selector":"#main-container > header > nav.top-header > div.top-header__tabs > a:nth-child(2) > span"}
  (Session info: chrome=70.0.3538.110)
  (Driver info: chromedriver=2.40.565498 (ea082db3280dd6843ebfb08a625e3eb905c4f5ab),platform=Windows NT 10.0.17134 x86_64)
2018-12-10 14:37:08,690 [NonParallelWorker] INFO - [END]   =============== [FAILED] ===============
2018-12-10 14:37:12,698 [NonParallelWorker] INFO - [START] ==== Test Case: TCS_NID_H_PrimaryMenu_Verify_ContactPhoneNumbersAppears SiteUrl : bannerufc.com/acc - Driver: chrome ====
2018-12-10 14:37:16,580 [NonParallelWorker] INFO - [END]   =============== [PASSED] ===============
2018-12-10 14:37:20,584 [NonParallelWorker] INFO - [START] ==== Test Case: TCS_NID_H_PrimaryMenu_Verify_ContactPhoneNumbersAppears SiteUrl : banneruca.com - Driver: chrome ====
2018-12-10 14:37:23,664 [NonParallelWorker] INFO - [END]   =============== [PASSED] ===============
2018-12-10 14:37:27,662 [NonParallelWorker] INFO - [START] ==== Test Case: TCS_NID_H_PrimaryMenu_Verify_ContactPhoneNumbersAppears SiteUrl : bannerufc.com/altcs - Driver: chrome ====
2018-12-10 14:37:29,657 [NonParallelWorker] INFO - [END]   =============== [PASSED] ===============
2018-12-10 14:37:33,637 [NonParallelWorker] INFO - [START] ==== Test Case: TCS_NID_H_SecondaryMenu_Found_FindAPharmacyMap SiteUrl : banneruca.com - Driver: chrome ====
2018-12-10 14:37:41,304 [NonParallelWorker] ERROR - no such element: Unable to locate element: {"method":"css selector","selector":"#zip"}
  (Session info: chrome=70.0.3538.110)
  (Driver info: chromedriver=2.40.565498 (ea082db3280dd6843ebfb08a625e3eb905c4f5ab),platform=Windows NT 10.0.17134 x86_64)
2018-12-10 14:37:41,304 [NonParallelWorker] INFO - [END]   =============== [FAILED] ===============
2018-12-10 14:37:45,363 [NonParallelWorker] INFO - [START] ==== Test Case: TCS_NID_H_SecondaryMenu_Found_FindAPharmacyMap SiteUrl : bannerufc.com/altcs - Driver: chrome ====
2018-12-10 14:37:51,896 [NonParallelWorker] ERROR - no such element: Unable to locate element: {"method":"css selector","selector":"#zip"}
  (Session info: chrome=70.0.3538.110)
  (Driver info: chromedriver=2.40.565498 (ea082db3280dd6843ebfb08a625e3eb905c4f5ab),platform=Windows NT 10.0.17134 x86_64)
2018-12-10 14:37:51,896 [NonParallelWorker] INFO - [END]   =============== [FAILED] ===============
2018-12-10 14:37:55,811 [NonParallelWorker] INFO - [START] ==== Test Case: TCS_NID_H_SecondaryMenu_Found_FindAPharmacyMap SiteUrl : bannerufc.com/acc - Driver: chrome ====
2018-12-10 14:38:00,786 [NonParallelWorker] ERROR - no such element: Unable to locate element: {"method":"css selector","selector":"#main-content > div > iframe"}
  (Session info: chrome=70.0.3538.110)
  (Driver info: chromedriver=2.40.565498 (ea082db3280dd6843ebfb08a625e3eb905c4f5ab),platform=Windows NT 10.0.17134 x86_64)
2018-12-10 14:38:00,786 [NonParallelWorker] INFO - [END]   =============== [FAILED] ===============
2018-12-10 14:38:04,730 [NonParallelWorker] INFO - [START] ==== Test Case: TCS_NID_H_SecondaryMenu_Navigates_FindAPharmacyLink SiteUrl : banneruca.com - Driver: chrome ====
2018-12-10 14:38:09,458 [NonParallelWorker] INFO - [END]   =============== [PASSED] ===============
2018-12-10 14:38:13,567 [NonParallelWorker] INFO - [START] ==== Test Case: TCS_NID_H_SecondaryMenu_Navigates_FindAPharmacyLink SiteUrl : bannerufc.com/altcs - Driver: chrome ====
2018-12-10 14:38:17,342 [NonParallelWorker] INFO - [END]   =============== [PASSED] ===============
2018-12-10 14:38:21,369 [NonParallelWorker] INFO - [START] ==== Test Case: TCS_NID_H_SecondaryMenu_Navigates_FindAPharmacyLink SiteUrl : bannerufc.com/acc - Driver: chrome ====
2018-12-10 14:38:27,067 [NonParallelWorker] INFO - [END]   =============== [PASSED] ===============
2018-12-10 14:38:31,078 [NonParallelWorker] INFO - [START] ==== Test Case: TCS_NID_H_SecondaryMenu_Navigates_FindAProviderLink SiteUrl : banneruhp.com - Driver: chrome ====
2018-12-10 14:38:35,229 [NonParallelWorker] INFO - [END]   =============== [PASSED] ===============
2018-12-10 14:38:39,266 [NonParallelWorker] INFO - [START] ==== Test Case: TCS_NID_H_SecondaryMenu_Navigates_FindAProviderLink SiteUrl : banneruca.com - Driver: chrome ====
2018-12-10 14:38:43,171 [NonParallelWorker] INFO - [END]   =============== [PASSED] ===============
2018-12-10 14:38:47,108 [NonParallelWorker] INFO - [START] ==== Test Case: TCS_NID_H_SecondaryMenu_Navigates_FindAProviderLink SiteUrl : bannerufc.com/altcs - Driver: chrome ====
2018-12-10 14:38:50,009 [NonParallelWorker] INFO - [END]   =============== [PASSED] ===============
2018-12-10 14:38:53,930 [NonParallelWorker] INFO - [START] ==== Test Case: TCS_NID_H_SecondaryMenu_Navigates_FindAProviderLink SiteUrl : bannerufc.com/acc - Driver: chrome ====
2018-12-10 14:38:58,223 [NonParallelWorker] INFO - [END]   =============== [PASSED] ===============
2018-12-10 14:39:02,229 [NonParallelWorker] INFO - [START] ==== Test Case: TCS_NID_H_SecondaryMenu_NotFound_ExternalLinks SiteUrl : banneruhp.com - Driver: chrome ====
2018-12-10 14:39:05,551 [NonParallelWorker] INFO - [END]   =============== [PASSED] ===============
2018-12-10 14:39:09,611 [NonParallelWorker] INFO - [START] ==== Test Case: TCS_NID_H_SecondaryMenu_NotFound_ExternalLinks SiteUrl : banneruca.com - Driver: chrome ====
2018-12-10 14:39:12,986 [NonParallelWorker] INFO - [END]   =============== [PASSED] ===============
2018-12-10 14:39:17,161 [NonParallelWorker] INFO - [START] ==== Test Case: TCS_NID_H_SecondaryMenu_NotFound_ExternalLinks SiteUrl : bannerufc.com/altcs - Driver: chrome ====
2018-12-10 14:39:19,399 [NonParallelWorker] INFO - [END]   =============== [PASSED] ===============
2018-12-10 14:39:23,339 [NonParallelWorker] INFO - [START] ==== Test Case: TCS_NID_H_SecondaryMenu_NotFound_ExternalLinks SiteUrl : bannerufc.com/acc - Driver: chrome ====
2018-12-10 14:39:27,590 [NonParallelWorker] INFO - [END]   =============== [PASSED] ===============
2018-12-10 14:39:31,509 [NonParallelWorker] INFO - [START] ==== Test Case: TCS_NID_H_SecondaryMenu_Verify_MenusKeepOpen SiteUrl : banneruhp.com - Driver: chrome ====
2018-12-10 14:39:35,555 [NonParallelWorker] INFO - [END]   =============== [PASSED] ===============
2018-12-10 14:39:39,509 [NonParallelWorker] INFO - [START] ==== Test Case: TCS_NID_H_SecondaryMenu_Verify_MenusKeepOpen SiteUrl : banneruca.com - Driver: chrome ====
2018-12-10 14:39:43,454 [NonParallelWorker] INFO - [END]   =============== [PASSED] ===============
2018-12-10 14:39:47,402 [NonParallelWorker] INFO - [START] ==== Test Case: TCS_NID_H_SecondaryMenu_Verify_MenusKeepOpen SiteUrl : bannerufc.com/altcs - Driver: chrome ====
2018-12-10 14:39:50,288 [NonParallelWorker] INFO - [END]   =============== [PASSED] ===============
2018-12-10 14:39:54,181 [NonParallelWorker] INFO - [START] ==== Test Case: TCS_NID_H_SecondaryMenu_Verify_MenusKeepOpen SiteUrl : bannerufc.com/acc - Driver: chrome ====
2018-12-10 14:39:59,239 [NonParallelWorker] INFO - [END]   =============== [PASSED] ===============
2018-12-10 14:40:03,198 [NonParallelWorker] INFO - [START] ==== Test Case: TCS_NID_H_SecondaryMenu_Verify_PagesIdentedToPageTitle SiteUrl : banneruca.com - Driver: chrome ====
2018-12-10 14:40:07,653 [NonParallelWorker] INFO - [END]   =============== [PASSED] ===============
2018-12-10 14:40:11,515 [NonParallelWorker] INFO - [START] ==== Test Case: TCS_NID_H_SecondaryMenu_VerifyOnMouseover_MenuAndSubmenus SiteUrl : banneruca.com - Driver: chrome ====
2018-12-10 14:40:15,436 [NonParallelWorker] INFO - [END]   =============== [PASSED] ===============
2018-12-10 14:40:19,397 [NonParallelWorker] INFO - [START] ==== Test Case: TCS_NID_H_SecondaryMenu_VerifyOnMouseover_MenuAndSubmenus SiteUrl : bannerufc.com/altcs - Driver: chrome ====
2018-12-10 14:40:22,247 [NonParallelWorker] INFO - [END]   =============== [PASSED] ===============
2018-12-10 14:40:26,173 [NonParallelWorker] INFO - [START] ==== Test Case: TCS_NID_H_SecondaryMenu_VerifyOnMouseover_MenuAndSubmenus SiteUrl : bannerufc.com/acc - Driver: chrome ====
2018-12-10 14:40:35,883 [NonParallelWorker] ERROR - Error Waiting for Element To Be Visible : By.CssSelector: #main-container > header > nav.bh-main-menu > ul:nth-child(1) >  li:nth-child(4) > a
2018-12-10 14:40:35,883 [NonParallelWorker] ERROR - Information: the site 'https://www.bannerufc.com/acc' contains the 4th element at the left in secondary menu.
2018-12-10 14:40:41,282 [NonParallelWorker] ERROR - Error Waiting for Element To Be Visible : By.CssSelector: #main-container > header > nav.bh-main-menu > ul:nth-child(1) >  li:nth-child(4) > a
2018-12-10 14:40:41,282 [NonParallelWorker] ERROR - Information: the site 'https://www.bannerufc.com/acc' contains the 4th element at the left in secondary menu.
2018-12-10 14:40:41,282 [NonParallelWorker] INFO - [END]   =============== [PASSED] ===============
